Using pre-set license
Built from '2020.3/staging' branch; Version is '2020.3.10f1 (297d780c91bc) revision 2719096'; Using compiler version '192528614'; Build Type 'Release'
OS: 'Windows 10 Home; OS build 19042.1083; Version 2009; 64bit' Language: 'en' Physical Memory: 32714 MB
BatchMode: 1, IsHumanControllingUs: 0, StartBugReporterOnCrash: 0, Is64bit: 1, IsPro: 0

 COMMAND LINE ARGUMENTS:
C:\Program Files\Unity\Hub\Editor\2020.3.10f1\Editor\Unity.exe
-adb2
-batchMode
-noUpm
-name
AssetImportWorker0
-projectPath
C:/Users/Kaarlo/Documents/TAMK2021/Kes채2021/GameCampSummer2021/WeekThree/TheRealDeal
-logFile
Logs/AssetImportWorker0.log
-srvPort
50339
Successfully changed project path to: C:/Users/Kaarlo/Documents/TAMK2021/Kes채2021/GameCampSummer2021/WeekThree/TheRealDeal
C:/Users/Kaarlo/Documents/TAMK2021/Kes채2021/GameCampSummer2021/WeekThree/TheRealDeal
Using Asset Import Pipeline V2.
Refreshing native plugins compatible for Editor in 45.42 ms, found 3 plugins.
Preloading 0 native plugins for Editor in 0.00 ms.
Initialize engine version: 2020.3.10f1 (297d780c91bc)
[Subsystems] Discovering subsystems at path C:/Program Files/Unity/Hub/Editor/2020.3.10f1/Editor/Data/Resources/UnitySubsystems
[Subsystems] Discovering subsystems at path C:/Users/Kaarlo/Documents/TAMK2021/Kes채2021/GameCampSummer2021/WeekThree/TheRealDeal/Assets
GfxDevice: creating device client; threaded=0
Direct3D:
    Version:  Direct3D 11.0 [level 11.1]
    Renderer: AMD Radeon RX 5600 XT (ID=0x731f)
    Vendor:   
    VRAM:     6103 MB
    Driver:   27.20.21002.112
Initialize mono
Mono path[0] = 'C:/Program Files/Unity/Hub/Editor/2020.3.10f1/Editor/Data/Managed'
Mono path[1] = 'C:/Program Files/Unity/Hub/Editor/2020.3.10f1/Editor/Data/MonoBleedingEdge/lib/mono/unityjit'
Mono config path = 'C:/Program Files/Unity/Hub/Editor/2020.3.10f1/Editor/Data/MonoBleedingEdge/etc'
Using monoOptions --debugger-agent=transport=dt_socket,embedding=1,server=y,suspend=n,address=127.0.0.1:56888
Begin MonoManager ReloadAssembly
Registering precompiled unity dll's ...
Register platform support module: C:/Program Files/Unity/Hub/Editor/2020.3.10f1/Editor/Data/PlaybackEngines/WindowsStandaloneSupport/UnityEditor.WindowsStandalone.Extensions.dll
Registered in 0.001815 seconds.
Native extension for WindowsStandalone target not found
Refreshing native plugins compatible for Editor in 45.02 ms, found 3 plugins.
Preloading 0 native plugins for Editor in 0.00 ms.
Mono: successfully reloaded assembly
- Completed reload, in  1.030 seconds
Platform modules already initialized, skipping
Registering precompiled user dll's ...
Registered in 0.003736 seconds.
Begin MonoManager ReloadAssembly
Native extension for WindowsStandalone target not found
Refreshing native plugins compatible for Editor in 43.04 ms, found 3 plugins.
Preloading 0 native plugins for Editor in 0.00 ms.
Mono: successfully reloaded assembly
- Completed reload, in  1.073 seconds
Platform modules already initialized, skipping
========================================================================
Worker process is ready to serve import requests
Launched and connected shader compiler UnityShaderCompiler.exe after 0.04 seconds
Refreshing native plugins compatible for Editor in 0.51 ms, found 3 plugins.
Preloading 0 native plugins for Editor in 0.00 ms.
Unloading 2214 Unused Serialized files (Serialized files now loaded: 0)
System memory in use before: 115.0 MB.
System memory in use after: 115.0 MB.

Unloading 32 unused Assets to reduce memory usage. Loaded Objects now: 2669.
Total: 2.469700 ms (FindLiveObjects: 0.238500 ms CreateObjectMapping: 0.066200 ms MarkObjects: 2.037600 ms  DeleteObjects: 0.125900 ms)

========================================================================
Received Import Request.
  path: Assets/Scripts/PlayerHitReg.cs
  artifactKey: Guid(606fb08defdfcd043a082efa89a519f5) Importer(815301076,1909f56bfc062723c751e8b465ee728b)
Start importing Assets/Scripts/PlayerHitReg.cs using Guid(606fb08defdfcd043a082efa89a519f5) Importer(815301076,1909f56bfc062723c751e8b465ee728b)  -> (artifact id: 'b4dc6cf5ea4249681017e1ce8e9c7be7') in 0.045084 seconds
  Import took 0.048397 seconds .

========================================================================
Received Import Request.
  Time since last request: 0.000209 seconds.
  path: Assets/Scripts
  artifactKey: Guid(0c9d775b8741bf34db8d2a4bf99e6e31) Importer(815301076,1909f56bfc062723c751e8b465ee728b)
Start importing Assets/Scripts using Guid(0c9d775b8741bf34db8d2a4bf99e6e31) Importer(815301076,1909f56bfc062723c751e8b465ee728b)  -> (artifact id: 'e0bb3d1969531233ccc599749069bc60') in 0.005882 seconds
  Import took 0.009555 seconds .

========================================================================
Received Prepare
Refreshing native plugins compatible for Editor in 4.30 ms, found 3 plugins.
Preloading 0 native plugins for Editor in 0.00 ms.
Unloading 19 Unused Serialized files (Serialized files now loaded: 0)
System memory in use before: 68.7 MB.
System memory in use after: 68.7 MB.

Unloading 19 unused Assets to reduce memory usage. Loaded Objects now: 2669.
Total: 3.041700 ms (FindLiveObjects: 0.245400 ms CreateObjectMapping: 0.057400 ms MarkObjects: 2.604700 ms  DeleteObjects: 0.132900 ms)

========================================================================
Received Import Request.
  Time since last request: 62.927036 seconds.
  path: Assets/Scripts/PlayerHitReg.cs
  artifactKey: Guid(606fb08defdfcd043a082efa89a519f5) Importer(815301076,1909f56bfc062723c751e8b465ee728b)
Start importing Assets/Scripts/PlayerHitReg.cs using Guid(606fb08defdfcd043a082efa89a519f5) Importer(815301076,1909f56bfc062723c751e8b465ee728b)  -> (artifact id: '1f1c175c6c5c7dc7b4f91ddc651ada63') in 0.001905 seconds
  Import took 0.005356 seconds .

========================================================================
Received Prepare
Registering precompiled user dll's ...
Registered in 0.003526 seconds.
Begin MonoManager ReloadAssembly
Native extension for WindowsStandalone target not found
Refreshing native plugins compatible for Editor in 0.50 ms, found 3 plugins.
Preloading 0 native plugins for Editor in 0.00 ms.
Mono: successfully reloaded assembly
- Completed reload, in  0.958 seconds
Platform modules already initialized, skipping
Refreshing native plugins compatible for Editor in 0.51 ms, found 3 plugins.
Preloading 0 native plugins for Editor in 0.00 ms.
Unloading 2182 Unused Serialized files (Serialized files now loaded: 0)
System memory in use before: 112.4 MB.
System memory in use after: 112.3 MB.

Unloading 21 unused Assets to reduce memory usage. Loaded Objects now: 2673.
Total: 2.171500 ms (FindLiveObjects: 0.215300 ms CreateObjectMapping: 0.057500 ms MarkObjects: 1.798500 ms  DeleteObjects: 0.099200 ms)

========================================================================
Received Prepare
Registering precompiled user dll's ...
Registered in 0.003461 seconds.
Begin MonoManager ReloadAssembly
Native extension for WindowsStandalone target not found
Refreshing native plugins compatible for Editor in 0.52 ms, found 3 plugins.
Preloading 0 native plugins for Editor in 0.00 ms.
Mono: successfully reloaded assembly
- Completed reload, in  0.970 seconds
Platform modules already initialized, skipping
Refreshing native plugins compatible for Editor in 0.50 ms, found 3 plugins.
Preloading 0 native plugins for Editor in 0.00 ms.
Unloading 2182 Unused Serialized files (Serialized files now loaded: 0)
System memory in use before: 112.4 MB.
System memory in use after: 112.4 MB.

Unloading 21 unused Assets to reduce memory usage. Loaded Objects now: 2677.
Total: 2.431400 ms (FindLiveObjects: 0.199700 ms CreateObjectMapping: 0.058000 ms MarkObjects: 2.050200 ms  DeleteObjects: 0.121800 ms)

========================================================================
Received Import Request.
  Time since last request: 114.818973 seconds.
  path: Assets/Prefabs/AimerDown.prefab
  artifactKey: Guid(52039aa73b33df14a9fed0c492a96c56) Importer(815301076,1909f56bfc062723c751e8b465ee728b)
Start importing Assets/Prefabs/AimerDown.prefab using Guid(52039aa73b33df14a9fed0c492a96c56) Importer(815301076,1909f56bfc062723c751e8b465ee728b)  -> (artifact id: 'cfb8ea32cbed136c0f54765ceb0106f0') in 0.091320 seconds
  Import took 0.095368 seconds .

========================================================================
Received Import Request.
  Time since last request: 0.000172 seconds.
  path: Assets/Prefabs/AimerUp.prefab
  artifactKey: Guid(3ff2f35c2845e4649aa248e8e0e48689) Importer(815301076,1909f56bfc062723c751e8b465ee728b)
Start importing Assets/Prefabs/AimerUp.prefab using Guid(3ff2f35c2845e4649aa248e8e0e48689) Importer(815301076,1909f56bfc062723c751e8b465ee728b)  -> (artifact id: '62a1f9de0d4ce3c342272c56ce35b981') in 0.016417 seconds
  Import took 0.020234 seconds .

========================================================================
Received Import Request.
  Time since last request: 0.000186 seconds.
  path: Assets/Prefabs/BasicEnemy.prefab
  artifactKey: Guid(e372aeccdf037ca41a53169bee211abb) Importer(815301076,1909f56bfc062723c751e8b465ee728b)
Start importing Assets/Prefabs/BasicEnemy.prefab using Guid(e372aeccdf037ca41a53169bee211abb) Importer(815301076,1909f56bfc062723c751e8b465ee728b)  -> (artifact id: '38563772cef08a3e480941a5d8899b0f') in 0.014812 seconds
  Import took 0.018230 seconds .

========================================================================
Received Import Request.
  Time since last request: 0.000169 seconds.
  path: Assets/Prefabs/DeathExplosion.prefab
  artifactKey: Guid(82ed74e7bed1405439a14aa3c8dcc158) Importer(815301076,1909f56bfc062723c751e8b465ee728b)
Start importing Assets/Prefabs/DeathExplosion.prefab using Guid(82ed74e7bed1405439a14aa3c8dcc158) Importer(815301076,1909f56bfc062723c751e8b465ee728b)  -> (artifact id: 'cabb2f6dc13c3d8accd4cffaedc0fe22') in 0.008287 seconds
  Import took 0.011726 seconds .

========================================================================
Received Import Request.
  Time since last request: 0.000171 seconds.
  path: Assets/Prefabs/MovingEnemy.prefab
  artifactKey: Guid(b3cd6b846d934564e8a80768d3aef325) Importer(815301076,1909f56bfc062723c751e8b465ee728b)
Start importing Assets/Prefabs/MovingEnemy.prefab using Guid(b3cd6b846d934564e8a80768d3aef325) Importer(815301076,1909f56bfc062723c751e8b465ee728b)  -> (artifact id: 'd9647d62826c7a142da4b761cc090bfc') in 0.016696 seconds
  Import took 0.020388 seconds .

========================================================================
Received Import Request.
  Time since last request: 0.000184 seconds.
  path: Assets/Prefabs/PowerUp.prefab
  artifactKey: Guid(32f237e11de85f840bff5a573d7a3ea0) Importer(815301076,1909f56bfc062723c751e8b465ee728b)
Start importing Assets/Prefabs/PowerUp.prefab using Guid(32f237e11de85f840bff5a573d7a3ea0) Importer(815301076,1909f56bfc062723c751e8b465ee728b)  -> (artifact id: 'f39a8544f3342eafc67424ecc96824ac') in 0.012216 seconds
  Import took 0.015881 seconds .

========================================================================
Received Import Request.
  Time since last request: 0.000161 seconds.
  path: Assets/Prefabs/HitExplosion.prefab
  artifactKey: Guid(c7bf532ef67cc9844992b16fc72097ff) Importer(815301076,1909f56bfc062723c751e8b465ee728b)
Start importing Assets/Prefabs/HitExplosion.prefab using Guid(c7bf532ef67cc9844992b16fc72097ff) Importer(815301076,1909f56bfc062723c751e8b465ee728b)  -> (artifact id: 'ce82448acabaca313d0327da67a0c81c') in 0.008268 seconds
  Import took 0.011441 seconds .

========================================================================
Received Import Request.
  Time since last request: 0.000175 seconds.
  path: Assets/Prefabs/Bullet.prefab
  artifactKey: Guid(0a64ed072a2c5784a9455717151a5ca7) Importer(815301076,1909f56bfc062723c751e8b465ee728b)
Start importing Assets/Prefabs/Bullet.prefab using Guid(0a64ed072a2c5784a9455717151a5ca7) Importer(815301076,1909f56bfc062723c751e8b465ee728b)  -> (artifact id: '37139bed0fe9fd644fb697fe3d0a0739') in 0.012547 seconds
  Import took 0.016129 seconds .

========================================================================
Received Import Request.
  Time since last request: 0.000172 seconds.
  path: Assets/Prefabs/Shotgunner.prefab
  artifactKey: Guid(c1be4e2bd3eadd144af3e7f1278ea965) Importer(815301076,1909f56bfc062723c751e8b465ee728b)
Start importing Assets/Prefabs/Shotgunner.prefab using Guid(c1be4e2bd3eadd144af3e7f1278ea965) Importer(815301076,1909f56bfc062723c751e8b465ee728b)  -> (artifact id: 'b271df38a119374fdbf86088482a1f7c') in 0.016327 seconds
  Import took 0.020334 seconds .

========================================================================
Received Import Request.
  Time since last request: 0.000160 seconds.
  path: Assets/Prefabs/Sniper.prefab
  artifactKey: Guid(0d6543a3f74841f48b8756c58d73fdf9) Importer(815301076,1909f56bfc062723c751e8b465ee728b)
Start importing Assets/Prefabs/Sniper.prefab using Guid(0d6543a3f74841f48b8756c58d73fdf9) Importer(815301076,1909f56bfc062723c751e8b465ee728b)  -> (artifact id: 'd1c8b5ab9ec4a895b27e1526aa99222f') in 0.018006 seconds
  Import took 0.022485 seconds .

========================================================================
Received Import Request.
  Time since last request: 0.000165 seconds.
  path: Assets/Prefabs/Shotgunner.prefab
  artifactKey: Guid(c1be4e2bd3eadd144af3e7f1278ea965) Importer(815301076,1909f56bfc062723c751e8b465ee728b)
Start importing Assets/Prefabs/Shotgunner.prefab using Guid(c1be4e2bd3eadd144af3e7f1278ea965) Importer(815301076,1909f56bfc062723c751e8b465ee728b)  -> (artifact id: 'b271df38a119374fdbf86088482a1f7c') in 0.012057 seconds
  Import took 0.016118 seconds .

========================================================================
Received Prepare
Registering precompiled user dll's ...
Registered in 0.003713 seconds.
Begin MonoManager ReloadAssembly
Native extension for WindowsStandalone target not found
Refreshing native plugins compatible for Editor in 0.50 ms, found 3 plugins.
Preloading 0 native plugins for Editor in 0.00 ms.
Mono: successfully reloaded assembly
- Completed reload, in  0.953 seconds
Platform modules already initialized, skipping
Refreshing native plugins compatible for Editor in 0.50 ms, found 3 plugins.
Preloading 0 native plugins for Editor in 0.00 ms.
Unloading 2182 Unused Serialized files (Serialized files now loaded: 0)
System memory in use before: 115.4 MB.
System memory in use after: 115.4 MB.

Unloading 21 unused Assets to reduce memory usage. Loaded Objects now: 2688.
Total: 2.130000 ms (FindLiveObjects: 0.191800 ms CreateObjectMapping: 0.057900 ms MarkObjects: 1.776300 ms  DeleteObjects: 0.103300 ms)

========================================================================
Received Import Request.
  Time since last request: 8.167709 seconds.
  path: Assets/Prefabs/PowerUp.prefab
  artifactKey: Guid(32f237e11de85f840bff5a573d7a3ea0) Importer(815301076,1909f56bfc062723c751e8b465ee728b)
Start importing Assets/Prefabs/PowerUp.prefab using Guid(32f237e11de85f840bff5a573d7a3ea0) Importer(815301076,1909f56bfc062723c751e8b465ee728b)  -> (artifact id: 'f7e134467169ced742c9ff586e46bfa1') in 0.046337 seconds
  Import took 0.049764 seconds .

========================================================================
Received Import Request.
  Time since last request: 3.830377 seconds.
  path: Assets/Prefabs/PowerUp.prefab
  artifactKey: Guid(32f237e11de85f840bff5a573d7a3ea0) Importer(815301076,1909f56bfc062723c751e8b465ee728b)
Start importing Assets/Prefabs/PowerUp.prefab using Guid(32f237e11de85f840bff5a573d7a3ea0) Importer(815301076,1909f56bfc062723c751e8b465ee728b)  -> (artifact id: '26e6c2b895b39b52da2f7ff4e1c9c2f5') in 0.007611 seconds
  Import took 0.011159 seconds .

========================================================================
Received Import Request.
  Time since last request: 19.438875 seconds.
  path: Assets/Audio/touhouOriginal.mp3
  artifactKey: Guid(2970a6dabac8fcc4da1405f0cffda87f) Importer(815301076,1909f56bfc062723c751e8b465ee728b)
Start importing Assets/Audio/touhouOriginal.mp3 using Guid(2970a6dabac8fcc4da1405f0cffda87f) Importer(815301076,1909f56bfc062723c751e8b465ee728b)  -> (artifact id: '22429712e19c181991b434080e19f802') in 0.043523 seconds
  Import took 0.047546 seconds .

========================================================================
Received Import Request.
  Time since last request: 1.928480 seconds.
  path: Assets/Audio/PowerUp.mp3
  artifactKey: Guid(4b696938e2ced4d478cf07b61d110b34) Importer(815301076,1909f56bfc062723c751e8b465ee728b)
Start importing Assets/Audio/PowerUp.mp3 using Guid(4b696938e2ced4d478cf07b61d110b34) Importer(815301076,1909f56bfc062723c751e8b465ee728b)  -> (artifact id: '2896f7d10e4c2790aa96bf4efc8d46c4') in 0.008943 seconds
  Import took 0.012992 seconds .

========================================================================
Received Prepare
Registering precompiled user dll's ...
Registered in 0.003735 seconds.
Begin MonoManager ReloadAssembly
Native extension for WindowsStandalone target not found
Refreshing native plugins compatible for Editor in 0.58 ms, found 3 plugins.
Preloading 0 native plugins for Editor in 0.00 ms.
Mono: successfully reloaded assembly
- Completed reload, in  0.975 seconds
Platform modules already initialized, skipping
Refreshing native plugins compatible for Editor in 0.49 ms, found 3 plugins.
Preloading 0 native plugins for Editor in 0.00 ms.
Unloading 2182 Unused Serialized files (Serialized files now loaded: 0)
System memory in use before: 115.5 MB.
System memory in use after: 115.5 MB.

Unloading 21 unused Assets to reduce memory usage. Loaded Objects now: 2695.
Total: 2.192800 ms (FindLiveObjects: 0.229000 ms CreateObjectMapping: 0.057700 ms MarkObjects: 1.798100 ms  DeleteObjects: 0.107200 ms)

========================================================================
Received Prepare
Registering precompiled user dll's ...
Registered in 0.003592 seconds.
Begin MonoManager ReloadAssembly
Native extension for WindowsStandalone target not found
Refreshing native plugins compatible for Editor in 0.50 ms, found 3 plugins.
Preloading 0 native plugins for Editor in 0.00 ms.
Mono: successfully reloaded assembly
- Completed reload, in  0.947 seconds
Platform modules already initialized, skipping
Refreshing native plugins compatible for Editor in 0.51 ms, found 3 plugins.
Preloading 0 native plugins for Editor in 0.00 ms.
Unloading 2182 Unused Serialized files (Serialized files now loaded: 0)
System memory in use before: 115.5 MB.
System memory in use after: 115.5 MB.

Unloading 21 unused Assets to reduce memory usage. Loaded Objects now: 2699.
Total: 2.368100 ms (FindLiveObjects: 0.212500 ms CreateObjectMapping: 0.059000 ms MarkObjects: 1.989000 ms  DeleteObjects: 0.106300 ms)

========================================================================
Received Prepare
Registering precompiled user dll's ...
Registered in 0.003599 seconds.
Begin MonoManager ReloadAssembly
Native extension for WindowsStandalone target not found
Refreshing native plugins compatible for Editor in 0.52 ms, found 3 plugins.
Preloading 0 native plugins for Editor in 0.00 ms.
Mono: successfully reloaded assembly
- Completed reload, in  0.950 seconds
Platform modules already initialized, skipping
Refreshing native plugins compatible for Editor in 0.50 ms, found 3 plugins.
Preloading 0 native plugins for Editor in 0.00 ms.
Unloading 2182 Unused Serialized files (Serialized files now loaded: 0)
System memory in use before: 115.5 MB.
System memory in use after: 115.5 MB.

Unloading 21 unused Assets to reduce memory usage. Loaded Objects now: 2703.
Total: 2.144800 ms (FindLiveObjects: 0.192200 ms CreateObjectMapping: 0.073300 ms MarkObjects: 1.769900 ms  DeleteObjects: 0.108400 ms)

========================================================================
Received Prepare
Registering precompiled user dll's ...
Registered in 0.003471 seconds.
Begin MonoManager ReloadAssembly
Native extension for WindowsStandalone target not found
Refreshing native plugins compatible for Editor in 0.50 ms, found 3 plugins.
Preloading 0 native plugins for Editor in 0.00 ms.
Mono: successfully reloaded assembly
- Completed reload, in  0.951 seconds
Platform modules already initialized, skipping
Refreshing native plugins compatible for Editor in 0.50 ms, found 3 plugins.
Preloading 0 native plugins for Editor in 0.00 ms.
Unloading 2182 Unused Serialized files (Serialized files now loaded: 0)
System memory in use before: 115.6 MB.
System memory in use after: 115.6 MB.

Unloading 21 unused Assets to reduce memory usage. Loaded Objects now: 2707.
Total: 2.162100 ms (FindLiveObjects: 0.220500 ms CreateObjectMapping: 0.059300 ms MarkObjects: 1.772400 ms  DeleteObjects: 0.108900 ms)

========================================================================
Received Prepare
Registering precompiled user dll's ...
Registered in 0.003497 seconds.
Begin MonoManager ReloadAssembly
Native extension for WindowsStandalone target not found
Refreshing native plugins compatible for Editor in 0.52 ms, found 3 plugins.
Preloading 0 native plugins for Editor in 0.00 ms.
Mono: successfully reloaded assembly
- Completed reload, in  0.934 seconds
Platform modules already initialized, skipping
Refreshing native plugins compatible for Editor in 0.50 ms, found 3 plugins.
Preloading 0 native plugins for Editor in 0.00 ms.
Unloading 2182 Unused Serialized files (Serialized files now loaded: 0)
System memory in use before: 115.6 MB.
System memory in use after: 115.6 MB.

Unloading 21 unused Assets to reduce memory usage. Loaded Objects now: 2711.
Total: 2.187200 ms (FindLiveObjects: 0.209000 ms CreateObjectMapping: 0.057300 ms MarkObjects: 1.810500 ms  DeleteObjects: 0.109200 ms)

========================================================================
Received Prepare
Registering precompiled user dll's ...
Registered in 0.003545 seconds.
Begin MonoManager ReloadAssembly
Native extension for WindowsStandalone target not found
Refreshing native plugins compatible for Editor in 0.54 ms, found 3 plugins.
Preloading 0 native plugins for Editor in 0.00 ms.
Mono: successfully reloaded assembly
- Completed reload, in  0.962 seconds
Platform modules already initialized, skipping
Refreshing native plugins compatible for Editor in 0.53 ms, found 3 plugins.
Preloading 0 native plugins for Editor in 0.00 ms.
Unloading 2182 Unused Serialized files (Serialized files now loaded: 0)
System memory in use before: 115.6 MB.
System memory in use after: 115.7 MB.

Unloading 21 unused Assets to reduce memory usage. Loaded Objects now: 2715.
Total: 2.210700 ms (FindLiveObjects: 0.241500 ms CreateObjectMapping: 0.067200 ms MarkObjects: 1.791600 ms  DeleteObjects: 0.109300 ms)

========================================================================
Received Prepare
Registering precompiled user dll's ...
Registered in 0.003490 seconds.
Begin MonoManager ReloadAssembly
Native extension for WindowsStandalone target not found
Refreshing native plugins compatible for Editor in 0.55 ms, found 3 plugins.
Preloading 0 native plugins for Editor in 0.00 ms.
Mono: successfully reloaded assembly
- Completed reload, in  0.947 seconds
Platform modules already initialized, skipping
Refreshing native plugins compatible for Editor in 0.51 ms, found 3 plugins.
Preloading 0 native plugins for Editor in 0.00 ms.
Unloading 2182 Unused Serialized files (Serialized files now loaded: 0)
System memory in use before: 115.6 MB.
System memory in use after: 115.7 MB.

Unloading 21 unused Assets to reduce memory usage. Loaded Objects now: 2719.
Total: 2.631800 ms (FindLiveObjects: 0.246600 ms CreateObjectMapping: 0.063400 ms MarkObjects: 2.209100 ms  DeleteObjects: 0.111500 ms)

========================================================================
Received Prepare
Registering precompiled user dll's ...
Registered in 0.003485 seconds.
Begin MonoManager ReloadAssembly
Native extension for WindowsStandalone target not found
Refreshing native plugins compatible for Editor in 0.52 ms, found 3 plugins.
Preloading 0 native plugins for Editor in 0.00 ms.
Mono: successfully reloaded assembly
- Completed reload, in  0.957 seconds
Platform modules already initialized, skipping
Refreshing native plugins compatible for Editor in 0.51 ms, found 3 plugins.
Preloading 0 native plugins for Editor in 0.00 ms.
Unloading 2182 Unused Serialized files (Serialized files now loaded: 0)
System memory in use before: 115.6 MB.
System memory in use after: 115.7 MB.

Unloading 21 unused Assets to reduce memory usage. Loaded Objects now: 2723.
Total: 2.479700 ms (FindLiveObjects: 0.259700 ms CreateObjectMapping: 0.064400 ms MarkObjects: 2.042000 ms  DeleteObjects: 0.112600 ms)

========================================================================
Received Import Request.
  Time since last request: 1100.369283 seconds.
  path: Assets/Fonts
  artifactKey: Guid(df12f214c98c98946945bb7aedf821c6) Importer(815301076,1909f56bfc062723c751e8b465ee728b)
Start importing Assets/Fonts using Guid(df12f214c98c98946945bb7aedf821c6) Importer(815301076,1909f56bfc062723c751e8b465ee728b)  -> (artifact id: 'eed775ae0ae3e244a3c68493f567a85e') in 0.009551 seconds
  Import took 0.013142 seconds .

========================================================================
Received Import Request.
  Time since last request: 14.746651 seconds.
  path: Assets/font.ttf
  artifactKey: Guid(dd5beda420d16034eac3f7bfa81dc06c) Importer(815301076,1909f56bfc062723c751e8b465ee728b)
Start importing Assets/font.ttf using Guid(dd5beda420d16034eac3f7bfa81dc06c) Importer(815301076,1909f56bfc062723c751e8b465ee728b)  -> (artifact id: '136552742b16c342f4d624dcc45d58c3') in 0.064639 seconds
  Import took 0.068211 seconds .

========================================================================
Received Prepare
Registering precompiled user dll's ...
Registered in 0.003643 seconds.
Begin MonoManager ReloadAssembly
Native extension for WindowsStandalone target not found
Refreshing native plugins compatible for Editor in 0.51 ms, found 3 plugins.
Preloading 0 native plugins for Editor in 0.00 ms.
Mono: successfully reloaded assembly
- Completed reload, in  0.949 seconds
Platform modules already initialized, skipping
Refreshing native plugins compatible for Editor in 0.50 ms, found 3 plugins.
Preloading 0 native plugins for Editor in 0.00 ms.
Unloading 2182 Unused Serialized files (Serialized files now loaded: 0)
System memory in use before: 116.0 MB.
System memory in use after: 116.0 MB.

Unloading 21 unused Assets to reduce memory usage. Loaded Objects now: 2765.
Total: 2.470700 ms (FindLiveObjects: 0.227600 ms CreateObjectMapping: 0.062700 ms MarkObjects: 2.050400 ms  DeleteObjects: 0.129000 ms)

========================================================================
Received Prepare
Registering precompiled user dll's ...
Registered in 0.004036 seconds.
Begin MonoManager ReloadAssembly
Native extension for WindowsStandalone target not found
Refreshing native plugins compatible for Editor in 0.52 ms, found 3 plugins.
Preloading 0 native plugins for Editor in 0.00 ms.
Mono: successfully reloaded assembly
- Completed reload, in  0.924 seconds
Platform modules already initialized, skipping
Refreshing native plugins compatible for Editor in 0.59 ms, found 3 plugins.
Preloading 0 native plugins for Editor in 0.00 ms.
Unloading 2182 Unused Serialized files (Serialized files now loaded: 0)
System memory in use before: 116.0 MB.
System memory in use after: 116.0 MB.

Unloading 21 unused Assets to reduce memory usage. Loaded Objects now: 2769.
Total: 2.214000 ms (FindLiveObjects: 0.251300 ms CreateObjectMapping: 0.061800 ms MarkObjects: 1.785000 ms  DeleteObjects: 0.114700 ms)

========================================================================
Received Prepare
Registering precompiled user dll's ...
Registered in 0.003558 seconds.
Begin MonoManager ReloadAssembly
Native extension for WindowsStandalone target not found
Refreshing native plugins compatible for Editor in 0.52 ms, found 3 plugins.
Preloading 0 native plugins for Editor in 0.00 ms.
Mono: successfully reloaded assembly
- Completed reload, in  0.926 seconds
Platform modules already initialized, skipping
Refreshing native plugins compatible for Editor in 0.52 ms, found 3 plugins.
Preloading 0 native plugins for Editor in 0.00 ms.
Unloading 2182 Unused Serialized files (Serialized files now loaded: 0)
System memory in use before: 116.1 MB.
System memory in use after: 116.1 MB.

Unloading 21 unused Assets to reduce memory usage. Loaded Objects now: 2773.
Total: 2.210200 ms (FindLiveObjects: 0.232900 ms CreateObjectMapping: 0.062600 ms MarkObjects: 1.799400 ms  DeleteObjects: 0.114000 ms)

========================================================================
Received Prepare
Registering precompiled user dll's ...
Registered in 0.003572 seconds.
Begin MonoManager ReloadAssembly
Native extension for WindowsStandalone target not found
Refreshing native plugins compatible for Editor in 0.52 ms, found 3 plugins.
Preloading 0 native plugins for Editor in 0.00 ms.
Mono: successfully reloaded assembly
- Completed reload, in  0.943 seconds
Platform modules already initialized, skipping
Refreshing native plugins compatible for Editor in 0.49 ms, found 3 plugins.
Preloading 0 native plugins for Editor in 0.00 ms.
Unloading 2182 Unused Serialized files (Serialized files now loaded: 0)
System memory in use before: 116.1 MB.
System memory in use after: 116.2 MB.

Unloading 21 unused Assets to reduce memory usage. Loaded Objects now: 2777.
Total: 2.687200 ms (FindLiveObjects: 0.265100 ms CreateObjectMapping: 0.153900 ms MarkObjects: 2.156900 ms  DeleteObjects: 0.110300 ms)

========================================================================
Received Import Request.
  Time since last request: 578.372586 seconds.
  path: Assets/TextMesh Pro/Resources/Fonts & Materials/LiberationSans SDF - Drop Shadow.mat
  artifactKey: Guid(e73a58f6e2794ae7b1b7e50b7fb811b0) Importer(815301076,1909f56bfc062723c751e8b465ee728b)
Start importing Assets/TextMesh Pro/Resources/Fonts & Materials/LiberationSans SDF - Drop Shadow.mat using Guid(e73a58f6e2794ae7b1b7e50b7fb811b0) Importer(815301076,1909f56bfc062723c751e8b465ee728b)  -> (artifact id: 'ca0d2861f60500f05bd29199894f7bb5') in 0.122880 seconds
  Import took 0.126752 seconds .

========================================================================
Received Import Request.
  Time since last request: 0.000202 seconds.
  path: Assets/TextMesh Pro/Resources/Fonts & Materials/LiberationSans SDF - Outline.mat
  artifactKey: Guid(79459efec17a4d00a321bdcc27bbc385) Importer(815301076,1909f56bfc062723c751e8b465ee728b)
Start importing Assets/TextMesh Pro/Resources/Fonts & Materials/LiberationSans SDF - Outline.mat using Guid(79459efec17a4d00a321bdcc27bbc385) Importer(815301076,1909f56bfc062723c751e8b465ee728b)  -> (artifact id: '289988fcecf3b00d1602f8d2b589f7dd') in 0.032649 seconds
  Import took 0.036590 seconds .

========================================================================
Received Import Request.
  Time since last request: 0.000149 seconds.
  path: Assets/TextMesh Pro/Resources/Fonts & Materials/LiberationSans SDF - Fallback.asset
  artifactKey: Guid(2e498d1c8094910479dc3e1b768306a4) Importer(815301076,1909f56bfc062723c751e8b465ee728b)
Start importing Assets/TextMesh Pro/Resources/Fonts & Materials/LiberationSans SDF - Fallback.asset using Guid(2e498d1c8094910479dc3e1b768306a4) Importer(815301076,1909f56bfc062723c751e8b465ee728b)  -> (artifact id: 'b8c2210586957436df79bf961aeff06e') in 0.037922 seconds
  Import took 0.041151 seconds .

========================================================================
Received Import Request.
  Time since last request: 0.000142 seconds.
  path: Assets/TextMesh Pro/Resources/Fonts & Materials/LiberationSans SDF.asset
  artifactKey: Guid(8f586378b4e144a9851e7b34d9b748ee) Importer(815301076,1909f56bfc062723c751e8b465ee728b)
Start importing Assets/TextMesh Pro/Resources/Fonts & Materials/LiberationSans SDF.asset using Guid(8f586378b4e144a9851e7b34d9b748ee) Importer(815301076,1909f56bfc062723c751e8b465ee728b)  -> (artifact id: 'f1280cc7be10b532b2897fc8654f95d3') in 0.036139 seconds
  Import took 0.039862 seconds .

========================================================================
Received Import Request.
  Time since last request: 0.000144 seconds.
  path: Assets/TextMesh Pro/Resources/Fonts & Materials/LiberationSans SDF - Fallback.asset
  artifactKey: Guid(2e498d1c8094910479dc3e1b768306a4) Importer(815301076,1909f56bfc062723c751e8b465ee728b)
Start importing Assets/TextMesh Pro/Resources/Fonts & Materials/LiberationSans SDF - Fallback.asset using Guid(2e498d1c8094910479dc3e1b768306a4) Importer(815301076,1909f56bfc062723c751e8b465ee728b)  -> (artifact id: 'b8c2210586957436df79bf961aeff06e') in 0.010585 seconds
  Import took 0.013992 seconds .

========================================================================
Received Import Request.
  Time since last request: 0.000192 seconds.
  path: Assets/TextMesh Pro/Resources/Fonts & Materials/LiberationSans SDF.asset
  artifactKey: Guid(8f586378b4e144a9851e7b34d9b748ee) Importer(815301076,1909f56bfc062723c751e8b465ee728b)
Start importing Assets/TextMesh Pro/Resources/Fonts & Materials/LiberationSans SDF.asset using Guid(8f586378b4e144a9851e7b34d9b748ee) Importer(815301076,1909f56bfc062723c751e8b465ee728b)  -> (artifact id: 'f1280cc7be10b532b2897fc8654f95d3') in 0.032131 seconds
  Import took 0.035422 seconds .

========================================================================
Received Import Request.
  Time since last request: 3.787975 seconds.
  path: Assets/Levels/level1.psd
  artifactKey: Guid(5f45d8a61c66dc441a1faf6c39b680ad) Importer(815301076,1909f56bfc062723c751e8b465ee728b)
Start importing Assets/Levels/level1.psd using Guid(5f45d8a61c66dc441a1faf6c39b680ad) Importer(815301076,1909f56bfc062723c751e8b465ee728b)  -> (artifact id: 'd4f370d234c80111ad80c44dc3fb6162') in 0.023034 seconds
  Import took 0.026551 seconds .

========================================================================
Received Import Request.
  Time since last request: 34.813463 seconds.
  path: Assets/Fonts/font SDF.asset
  artifactKey: Guid(c0493431daa1e84458f793abafc288ae) Importer(815301076,1909f56bfc062723c751e8b465ee728b)
Start importing Assets/Fonts/font SDF.asset using Guid(c0493431daa1e84458f793abafc288ae) Importer(815301076,1909f56bfc062723c751e8b465ee728b) Shader 'TextMeshPro/Distance Field': fallback shader 'TextMeshPro/Mobile/Distance Field' not found
 -> (artifact id: '14d6963eb2ec8e0ad489410570696c79') in 0.015326 seconds
  Import took 0.019278 seconds .

========================================================================
Received Prepare
Registering precompiled user dll's ...
Registered in 0.003580 seconds.
Begin MonoManager ReloadAssembly
Native extension for WindowsStandalone target not found
Refreshing native plugins compatible for Editor in 0.45 ms, found 3 plugins.
Preloading 0 native plugins for Editor in 0.00 ms.
Mono: successfully reloaded assembly
- Completed reload, in  0.957 seconds
Platform modules already initialized, skipping
Refreshing native plugins compatible for Editor in 0.51 ms, found 3 plugins.
Preloading 0 native plugins for Editor in 0.00 ms.
Unloading 2195 Unused Serialized files (Serialized files now loaded: 0)
System memory in use before: 118.2 MB.
System memory in use after: 117.8 MB.

Unloading 32 unused Assets to reduce memory usage. Loaded Objects now: 2788.
Total: 2.528400 ms (FindLiveObjects: 0.252600 ms CreateObjectMapping: 0.064900 ms MarkObjects: 1.878900 ms  DeleteObjects: 0.330600 ms)

========================================================================
Received Prepare
Registering precompiled user dll's ...
Registered in 0.003570 seconds.
Begin MonoManager ReloadAssembly
Native extension for WindowsStandalone target not found
Refreshing native plugins compatible for Editor in 0.43 ms, found 3 plugins.
Preloading 0 native plugins for Editor in 0.00 ms.
Mono: successfully reloaded assembly
- Completed reload, in  0.955 seconds
Platform modules already initialized, skipping
Refreshing native plugins compatible for Editor in 0.53 ms, found 3 plugins.
Preloading 0 native plugins for Editor in 0.00 ms.
Unloading 2193 Unused Serialized files (Serialized files now loaded: 0)
System memory in use before: 118.1 MB.
System memory in use after: 117.6 MB.

Unloading 32 unused Assets to reduce memory usage. Loaded Objects now: 2792.
Total: 2.488600 ms (FindLiveObjects: 0.267200 ms CreateObjectMapping: 0.065000 ms MarkObjects: 1.768500 ms  DeleteObjects: 0.387000 ms)

========================================================================
Received Prepare
Registering precompiled user dll's ...
Registered in 0.003710 seconds.
Begin MonoManager ReloadAssembly
Native extension for WindowsStandalone target not found
Refreshing native plugins compatible for Editor in 0.51 ms, found 3 plugins.
Preloading 0 native plugins for Editor in 0.00 ms.
Mono: successfully reloaded assembly
- Completed reload, in  0.940 seconds
Platform modules already initialized, skipping
Refreshing native plugins compatible for Editor in 0.54 ms, found 3 plugins.
Preloading 0 native plugins for Editor in 0.00 ms.
Unloading 2193 Unused Serialized files (Serialized files now loaded: 0)
System memory in use before: 118.1 MB.
System memory in use after: 117.6 MB.

Unloading 32 unused Assets to reduce memory usage. Loaded Objects now: 2796.
Total: 2.465600 ms (FindLiveObjects: 0.236900 ms CreateObjectMapping: 0.063200 ms MarkObjects: 1.812700 ms  DeleteObjects: 0.351700 ms)

========================================================================
Received Prepare
Registering precompiled user dll's ...
Registered in 0.003702 seconds.
Begin MonoManager ReloadAssembly
Native extension for WindowsStandalone target not found
Refreshing native plugins compatible for Editor in 0.52 ms, found 3 plugins.
Preloading 0 native plugins for Editor in 0.00 ms.
Mono: successfully reloaded assembly
- Completed reload, in  0.921 seconds
Platform modules already initialized, skipping
Refreshing native plugins compatible for Editor in 0.55 ms, found 3 plugins.
Preloading 0 native plugins for Editor in 0.00 ms.
Unloading 2193 Unused Serialized files (Serialized files now loaded: 0)
System memory in use before: 118.2 MB.
System memory in use after: 117.7 MB.

Unloading 32 unused Assets to reduce memory usage. Loaded Objects now: 2800.
Total: 2.437300 ms (FindLiveObjects: 0.235600 ms CreateObjectMapping: 0.064100 ms MarkObjects: 1.787900 ms  DeleteObjects: 0.348900 ms)

========================================================================
Received Import Request.
  Time since last request: 264.301856 seconds.
  path: Assets/TextMesh Pro/Fonts/LiberationSans.ttf
  artifactKey: Guid(e3265ab4bf004d28a9537516768c1c75) Importer(815301076,1909f56bfc062723c751e8b465ee728b)
Start importing Assets/TextMesh Pro/Fonts/LiberationSans.ttf using Guid(e3265ab4bf004d28a9537516768c1c75) Importer(815301076,1909f56bfc062723c751e8b465ee728b)  -> (artifact id: 'bdddd331c3f1b7826858a8d92db67e39') in 0.055828 seconds
  Import took 0.059637 seconds .

========================================================================
Received Prepare
Registering precompiled user dll's ...
Registered in 0.003910 seconds.
Begin MonoManager ReloadAssembly
Native extension for WindowsStandalone target not found
Refreshing native plugins compatible for Editor in 0.57 ms, found 3 plugins.
Preloading 0 native plugins for Editor in 0.00 ms.
Mono: successfully reloaded assembly
- Completed reload, in  0.958 seconds
Platform modules already initialized, skipping
Refreshing native plugins compatible for Editor in 0.52 ms, found 3 plugins.
Preloading 0 native plugins for Editor in 0.00 ms.
Unloading 2193 Unused Serialized files (Serialized files now loaded: 0)
System memory in use before: 118.2 MB.
System memory in use after: 117.7 MB.

Unloading 32 unused Assets to reduce memory usage. Loaded Objects now: 2806.
Total: 2.888500 ms (FindLiveObjects: 0.363400 ms CreateObjectMapping: 0.181400 ms MarkObjects: 1.977300 ms  DeleteObjects: 0.364600 ms)

========================================================================
Received Import Request.
  Time since last request: 290.086042 seconds.
  path: Assets/TextMesh Pro/Resources/Style Sheets/Default Style Sheet.asset
  artifactKey: Guid(f952c082cb03451daed3ee968ac6c63e) Importer(815301076,1909f56bfc062723c751e8b465ee728b)
Start importing Assets/TextMesh Pro/Resources/Style Sheets/Default Style Sheet.asset using Guid(f952c082cb03451daed3ee968ac6c63e) Importer(815301076,1909f56bfc062723c751e8b465ee728b)  -> (artifact id: '99846f5a5cef2b9fb3476a6a84d35918') in 0.018104 seconds
  Import took 0.022210 seconds .

========================================================================
Received Import Request.
  Time since last request: 0.034938 seconds.
  path: Assets/TextMesh Pro/Sprites/EmojiOne.png
  artifactKey: Guid(dffef66376be4fa480fb02b19edbe903) Importer(815301076,1909f56bfc062723c751e8b465ee728b)
Start importing Assets/TextMesh Pro/Sprites/EmojiOne.png using Guid(dffef66376be4fa480fb02b19edbe903) Importer(815301076,1909f56bfc062723c751e8b465ee728b)  -> (artifact id: 'd78a27303d38c5bc73b55289faa0930d') in 0.033312 seconds
  Import took 0.036900 seconds .

========================================================================
Received Import Request.
  Time since last request: 0.000181 seconds.
  path: Assets/TextMesh Pro/Resources/Sprite Assets/EmojiOne.asset
  artifactKey: Guid(c41005c129ba4d66911b75229fd70b45) Importer(815301076,1909f56bfc062723c751e8b465ee728b)
Start importing Assets/TextMesh Pro/Resources/Sprite Assets/EmojiOne.asset using Guid(c41005c129ba4d66911b75229fd70b45) Importer(815301076,1909f56bfc062723c751e8b465ee728b)  -> (artifact id: '093a2cdfc4701742cd4e2e9653a3929b') in 0.009614 seconds
  Import took 0.012987 seconds .

========================================================================
Received Prepare
Registering precompiled user dll's ...
Registered in 0.003696 seconds.
Begin MonoManager ReloadAssembly
Native extension for WindowsStandalone target not found
Refreshing native plugins compatible for Editor in 0.52 ms, found 3 plugins.
Preloading 0 native plugins for Editor in 0.00 ms.
Mono: successfully reloaded assembly
- Completed reload, in  0.966 seconds
Platform modules already initialized, skipping
Refreshing native plugins compatible for Editor in 0.50 ms, found 3 plugins.
Preloading 0 native plugins for Editor in 0.00 ms.
Unloading 2193 Unused Serialized files (Serialized files now loaded: 0)
System memory in use before: 118.2 MB.
System memory in use after: 117.7 MB.

Unloading 32 unused Assets to reduce memory usage. Loaded Objects now: 2810.
Total: 2.936000 ms (FindLiveObjects: 0.236300 ms CreateObjectMapping: 0.062400 ms MarkObjects: 2.228800 ms  DeleteObjects: 0.407300 ms)

========================================================================
Received Import Request.
  Time since last request: 57.379166 seconds.
  path: Assets/Textures/velho2.png
  artifactKey: Guid(6cf7325859c576948867b1aa1c031692) Importer(815301076,1909f56bfc062723c751e8b465ee728b)
Start importing Assets/Textures/velho2.png using Guid(6cf7325859c576948867b1aa1c031692) Importer(815301076,1909f56bfc062723c751e8b465ee728b)  -> (artifact id: '598e2a92c3199e07830342105fb00931') in 0.046976 seconds
  Import took 0.050722 seconds .

========================================================================
Received Import Request.
  Time since last request: 0.610007 seconds.
  path: Assets/Textures/taivas.png
  artifactKey: Guid(19d8632d6fc94b742bc2e823c14309e8) Importer(815301076,1909f56bfc062723c751e8b465ee728b)
Start importing Assets/Textures/taivas.png using Guid(19d8632d6fc94b742bc2e823c14309e8) Importer(815301076,1909f56bfc062723c751e8b465ee728b)  -> (artifact id: '68f8c735e8ac4cf7d02d15c25d2a45e2') in 0.012352 seconds
  Import took 0.015883 seconds .

========================================================================
Received Import Request.
  Time since last request: 0.000179 seconds.
  path: Assets/Textures/Tulipallo.png
  artifactKey: Guid(a8eca0b2b1e358446b95d8eac665f5cd) Importer(815301076,1909f56bfc062723c751e8b465ee728b)
Start importing Assets/Textures/Tulipallo.png using Guid(a8eca0b2b1e358446b95d8eac665f5cd) Importer(815301076,1909f56bfc062723c751e8b465ee728b)  -> (artifact id: '38148b0d976e36d5a0994210e28be6d8') in 0.009239 seconds
  Import took 0.012511 seconds .

========================================================================
Received Import Request.
  Time since last request: 0.017188 seconds.
  path: Assets/Textures/powerup_valkoinen.png
  artifactKey: Guid(849b7a208104eb9479b628d2abd76d79) Importer(815301076,1909f56bfc062723c751e8b465ee728b)
Start importing Assets/Textures/powerup_valkoinen.png using Guid(849b7a208104eb9479b628d2abd76d79) Importer(815301076,1909f56bfc062723c751e8b465ee728b)  -> (artifact id: 'bae3d3161ec2676b4a82f2bbb9ec2a1f') in 0.009404 seconds
  Import took 0.012688 seconds .

========================================================================
Received Import Request.
  Time since last request: 0.052036 seconds.
  path: Assets/Textures/powerup.png
  artifactKey: Guid(975b996f3acc1fa4589e2eee5782887f) Importer(815301076,1909f56bfc062723c751e8b465ee728b)
Start importing Assets/Textures/powerup.png using Guid(975b996f3acc1fa4589e2eee5782887f) Importer(815301076,1909f56bfc062723c751e8b465ee728b)  -> (artifact id: 'a1faa95e9531ebba57dd3b34691df3d4') in 0.009814 seconds
  Import took 0.013165 seconds .

========================================================================
Received Import Request.
  Time since last request: 0.000173 seconds.
  path: Assets/Textures/powerup_mustat_reunat.png
  artifactKey: Guid(05a26ab21c63a6d4c9d2fa399cc6bd2b) Importer(815301076,1909f56bfc062723c751e8b465ee728b)
Start importing Assets/Textures/powerup_mustat_reunat.png using Guid(05a26ab21c63a6d4c9d2fa399cc6bd2b) Importer(815301076,1909f56bfc062723c751e8b465ee728b)  -> (artifact id: 'e5d7c9bddb702bd6aca15c07104f662a') in 0.009521 seconds
  Import took 0.012477 seconds .

========================================================================
Received Import Request.
  Time since last request: 0.211912 seconds.
  path: Assets/Textures/New treeline1.png
  artifactKey: Guid(2c837e9ea39eb6f4a80a672dcfbe7d84) Importer(815301076,1909f56bfc062723c751e8b465ee728b)
Start importing Assets/Textures/New treeline1.png using Guid(2c837e9ea39eb6f4a80a672dcfbe7d84) Importer(815301076,1909f56bfc062723c751e8b465ee728b)  -> (artifact id: 'c1fd809f38e00d28231fde81543de5fb') in 0.012251 seconds
  Import took 0.015749 seconds .

========================================================================
Received Import Request.
  Time since last request: 0.000164 seconds.
  path: Assets/Textures/New treeline2.png
  artifactKey: Guid(3c4653909a3046d4b8b301fd3a6c8772) Importer(815301076,1909f56bfc062723c751e8b465ee728b)
Start importing Assets/Textures/New treeline2.png using Guid(3c4653909a3046d4b8b301fd3a6c8772) Importer(815301076,1909f56bfc062723c751e8b465ee728b)  -> (artifact id: '7983bea8956d0a4a8df3654da7e72f65') in 0.011471 seconds
  Import took 0.014570 seconds .

========================================================================
Received Import Request.
  Time since last request: 0.000157 seconds.
  path: Assets/Textures/muuritesti1.png
  artifactKey: Guid(ea83ddab1ff99c54a8cb893ae3830ed5) Importer(815301076,1909f56bfc062723c751e8b465ee728b)
Start importing Assets/Textures/muuritesti1.png using Guid(ea83ddab1ff99c54a8cb893ae3830ed5) Importer(815301076,1909f56bfc062723c751e8b465ee728b)  -> (artifact id: 'cf6e72a389b39907ce2f1ba55c0ad918') in 0.009577 seconds
  Import took 0.012648 seconds .

========================================================================
Received Import Request.
  Time since last request: 0.000159 seconds.
  path: Assets/Textures/muuritesti2.png
  artifactKey: Guid(8269c7d995483b249aae0dff72310038) Importer(815301076,1909f56bfc062723c751e8b465ee728b)
Start importing Assets/Textures/muuritesti2.png using Guid(8269c7d995483b249aae0dff72310038) Importer(815301076,1909f56bfc062723c751e8b465ee728b)  -> (artifact id: 'd306c7fc8a81c3bc3227ec3ed44cf5b9') in 0.010058 seconds
  Import took 0.013410 seconds .

========================================================================
Received Import Request.
  Time since last request: 0.200303 seconds.
  path: Assets/Textures/muuri3.png
  artifactKey: Guid(4d11cb47b4eb08347a58497ac9dc6fd8) Importer(815301076,1909f56bfc062723c751e8b465ee728b)
Start importing Assets/Textures/muuri3.png using Guid(4d11cb47b4eb08347a58497ac9dc6fd8) Importer(815301076,1909f56bfc062723c751e8b465ee728b)  -> (artifact id: 'cd8fbf2b36565d30d4f14fd4f46828a1') in 0.009718 seconds
  Import took 0.013185 seconds .

========================================================================
Received Import Request.
  Time since last request: 0.000139 seconds.
  path: Assets/Textures/muuri4.png
  artifactKey: Guid(91ddd47ccb727d244a98a3ad2248540e) Importer(815301076,1909f56bfc062723c751e8b465ee728b)
Start importing Assets/Textures/muuri4.png using Guid(91ddd47ccb727d244a98a3ad2248540e) Importer(815301076,1909f56bfc062723c751e8b465ee728b)  -> (artifact id: '22094145822b3cd89ca0866277353333') in 0.009258 seconds
  Import took 0.012572 seconds .

========================================================================
Received Import Request.
  Time since last request: 0.000177 seconds.
  path: Assets/Textures/muuri 1.png
  artifactKey: Guid(97b276feea8e6f04381bfb69ab4c07c4) Importer(815301076,1909f56bfc062723c751e8b465ee728b)
Start importing Assets/Textures/muuri 1.png using Guid(97b276feea8e6f04381bfb69ab4c07c4) Importer(815301076,1909f56bfc062723c751e8b465ee728b)  -> (artifact id: 'bf46685d47d84fd3e0e4a5e52865d11b') in 0.010005 seconds
  Import took 0.013257 seconds .

========================================================================
Received Import Request.
  Time since last request: 0.000168 seconds.
  path: Assets/Textures/muuri.png
  artifactKey: Guid(e93c5c572dedd1449b2302778daddd00) Importer(815301076,1909f56bfc062723c751e8b465ee728b)
Start importing Assets/Textures/muuri.png using Guid(e93c5c572dedd1449b2302778daddd00) Importer(815301076,1909f56bfc062723c751e8b465ee728b)  -> (artifact id: '59e6847666beb2c9d60290c519f99afb') in 0.009458 seconds
  Import took 0.012423 seconds .

========================================================================
Received Import Request.
  Time since last request: 0.025114 seconds.
  path: Assets/Textures/mountains_backround_fixed.png
  artifactKey: Guid(1faba440f4df93742b4dc2ab1ca08a96) Importer(815301076,1909f56bfc062723c751e8b465ee728b)
Start importing Assets/Textures/mountains_backround_fixed.png using Guid(1faba440f4df93742b4dc2ab1ca08a96) Importer(815301076,1909f56bfc062723c751e8b465ee728b)  -> (artifact id: 'b28d2398693160cb5b4f138325496894') in 0.010864 seconds
  Import took 0.014224 seconds .

========================================================================
Received Import Request.
  Time since last request: 0.164592 seconds.
  path: Assets/Textures/forest_backround_fixed.png
  artifactKey: Guid(d5aea49aeacb4e34c9d54f9a810bf6aa) Importer(815301076,1909f56bfc062723c751e8b465ee728b)
Start importing Assets/Textures/forest_backround_fixed.png using Guid(d5aea49aeacb4e34c9d54f9a810bf6aa) Importer(815301076,1909f56bfc062723c751e8b465ee728b)  -> (artifact id: '0e35e14e48a18b75a6d65598506188d5') in 0.011006 seconds
  Import took 0.014533 seconds .

========================================================================
Received Import Request.
  Time since last request: 0.000176 seconds.
  path: Assets/Textures/kummajainen.png
  artifactKey: Guid(60de4a3e9c6640d4a987a6aa5e4c369f) Importer(815301076,1909f56bfc062723c751e8b465ee728b)
Start importing Assets/Textures/kummajainen.png using Guid(60de4a3e9c6640d4a987a6aa5e4c369f) Importer(815301076,1909f56bfc062723c751e8b465ee728b)  -> (artifact id: 'b0ed04fcd492fd7681e97e8758f5b6e4') in 0.025283 seconds
  Import took 0.028565 seconds .

========================================================================
Received Import Request.
  Time since last request: 0.000274 seconds.
  path: Assets/Textures/forest_backround_fixed.png
  artifactKey: Guid(d5aea49aeacb4e34c9d54f9a810bf6aa) Importer(815301076,1909f56bfc062723c751e8b465ee728b)
Start importing Assets/Textures/forest_backround_fixed.png using Guid(d5aea49aeacb4e34c9d54f9a810bf6aa) Importer(815301076,1909f56bfc062723c751e8b465ee728b)  -> (artifact id: '0e35e14e48a18b75a6d65598506188d5') in 0.009570 seconds
  Import took 0.013424 seconds .

========================================================================
Received Import Request.
  Time since last request: 0.002025 seconds.
  path: Assets/Textures/enemybullet.png
  artifactKey: Guid(b032f406ca89eee40bbba91362d6d0b3) Importer(815301076,1909f56bfc062723c751e8b465ee728b)
Start importing Assets/Textures/enemybullet.png using Guid(b032f406ca89eee40bbba91362d6d0b3) Importer(815301076,1909f56bfc062723c751e8b465ee728b)  -> (artifact id: '961119ed62a2f16356072ca87e142ac6') in 0.010041 seconds
  Import took 0.013415 seconds .

========================================================================
Received Prepare
Registering precompiled user dll's ...
Registered in 0.003573 seconds.
Begin MonoManager ReloadAssembly
Native extension for WindowsStandalone target not found
Refreshing native plugins compatible for Editor in 0.53 ms, found 3 plugins.
Preloading 0 native plugins for Editor in 0.00 ms.
Mono: successfully reloaded assembly
- Completed reload, in  0.955 seconds
Platform modules already initialized, skipping
Refreshing native plugins compatible for Editor in 0.53 ms, found 3 plugins.
Preloading 0 native plugins for Editor in 0.00 ms.
Unloading 2193 Unused Serialized files (Serialized files now loaded: 0)
System memory in use before: 118.2 MB.
System memory in use after: 117.7 MB.

Unloading 32 unused Assets to reduce memory usage. Loaded Objects now: 2827.
Total: 2.704200 ms (FindLiveObjects: 0.326200 ms CreateObjectMapping: 0.124000 ms MarkObjects: 1.897200 ms  DeleteObjects: 0.355700 ms)

========================================================================
Received Prepare
Registering precompiled user dll's ...
Registered in 0.003585 seconds.
Begin MonoManager ReloadAssembly
Native extension for WindowsStandalone target not found
Refreshing native plugins compatible for Editor in 0.51 ms, found 3 plugins.
Preloading 0 native plugins for Editor in 0.00 ms.
Mono: successfully reloaded assembly
- Completed reload, in  0.935 seconds
Platform modules already initialized, skipping
Refreshing native plugins compatible for Editor in 0.53 ms, found 3 plugins.
Preloading 0 native plugins for Editor in 0.00 ms.
Unloading 2193 Unused Serialized files (Serialized files now loaded: 0)
System memory in use before: 118.1 MB.
System memory in use after: 117.7 MB.

Unloading 32 unused Assets to reduce memory usage. Loaded Objects now: 2831.
Total: 2.873000 ms (FindLiveObjects: 0.258700 ms CreateObjectMapping: 0.064100 ms MarkObjects: 2.153500 ms  DeleteObjects: 0.395400 ms)

========================================================================
Received Prepare
Registering precompiled user dll's ...
Registered in 0.003700 seconds.
Begin MonoManager ReloadAssembly
Native extension for WindowsStandalone target not found
Refreshing native plugins compatible for Editor in 0.52 ms, found 3 plugins.
Preloading 0 native plugins for Editor in 0.00 ms.
Mono: successfully reloaded assembly
- Completed reload, in  0.982 seconds
Platform modules already initialized, skipping
Refreshing native plugins compatible for Editor in 0.52 ms, found 3 plugins.
Preloading 0 native plugins for Editor in 0.00 ms.
Unloading 2193 Unused Serialized files (Serialized files now loaded: 0)
System memory in use before: 118.1 MB.
System memory in use after: 117.7 MB.

Unloading 32 unused Assets to reduce memory usage. Loaded Objects now: 2835.
Total: 2.455600 ms (FindLiveObjects: 0.231100 ms CreateObjectMapping: 0.063300 ms MarkObjects: 1.811100 ms  DeleteObjects: 0.349300 ms)

========================================================================
Received Prepare
Registering precompiled user dll's ...
Registered in 0.003906 seconds.
Begin MonoManager ReloadAssembly
Native extension for WindowsStandalone target not found
Refreshing native plugins compatible for Editor in 0.51 ms, found 3 plugins.
Preloading 0 native plugins for Editor in 0.00 ms.
Mono: successfully reloaded assembly
- Completed reload, in  0.946 seconds
Platform modules already initialized, skipping
Refreshing native plugins compatible for Editor in 0.59 ms, found 3 plugins.
Preloading 0 native plugins for Editor in 0.00 ms.
Unloading 2193 Unused Serialized files (Serialized files now loaded: 0)
System memory in use before: 118.2 MB.
System memory in use after: 117.7 MB.

Unloading 32 unused Assets to reduce memory usage. Loaded Objects now: 2839.
Total: 2.857900 ms (FindLiveObjects: 0.240400 ms CreateObjectMapping: 0.063100 ms MarkObjects: 2.137900 ms  DeleteObjects: 0.415100 ms)

========================================================================
Received Prepare
Registering precompiled user dll's ...
Registered in 0.003633 seconds.
Begin MonoManager ReloadAssembly
Native extension for WindowsStandalone target not found
Refreshing native plugins compatible for Editor in 0.51 ms, found 3 plugins.
Preloading 0 native plugins for Editor in 0.00 ms.
Mono: successfully reloaded assembly
- Completed reload, in  0.934 seconds
Platform modules already initialized, skipping
Refreshing native plugins compatible for Editor in 0.52 ms, found 3 plugins.
Preloading 0 native plugins for Editor in 0.00 ms.
Unloading 2193 Unused Serialized files (Serialized files now loaded: 0)
System memory in use before: 118.2 MB.
System memory in use after: 117.7 MB.

Unloading 32 unused Assets to reduce memory usage. Loaded Objects now: 2843.
Total: 2.844800 ms (FindLiveObjects: 0.254000 ms CreateObjectMapping: 0.067100 ms MarkObjects: 2.166100 ms  DeleteObjects: 0.356500 ms)

========================================================================
Received Prepare
Registering precompiled user dll's ...
Registered in 0.003486 seconds.
Begin MonoManager ReloadAssembly
Native extension for WindowsStandalone target not found
Refreshing native plugins compatible for Editor in 0.55 ms, found 3 plugins.
Preloading 0 native plugins for Editor in 0.00 ms.
Mono: successfully reloaded assembly
- Completed reload, in  0.943 seconds
Platform modules already initialized, skipping
Refreshing native plugins compatible for Editor in 0.54 ms, found 3 plugins.
Preloading 0 native plugins for Editor in 0.00 ms.
Unloading 2193 Unused Serialized files (Serialized files now loaded: 0)
System memory in use before: 118.2 MB.
System memory in use after: 117.7 MB.

Unloading 32 unused Assets to reduce memory usage. Loaded Objects now: 2847.
Total: 2.935800 ms (FindLiveObjects: 0.252200 ms CreateObjectMapping: 0.062000 ms MarkObjects: 2.254100 ms  DeleteObjects: 0.366000 ms)

========================================================================
Received Prepare
Registering precompiled user dll's ...
Registered in 0.003473 seconds.
Begin MonoManager ReloadAssembly
Native extension for WindowsStandalone target not found
Refreshing native plugins compatible for Editor in 0.52 ms, found 3 plugins.
Preloading 0 native plugins for Editor in 0.00 ms.
Mono: successfully reloaded assembly
- Completed reload, in  0.936 seconds
Platform modules already initialized, skipping
Refreshing native plugins compatible for Editor in 0.51 ms, found 3 plugins.
Preloading 0 native plugins for Editor in 0.00 ms.
Unloading 2193 Unused Serialized files (Serialized files now loaded: 0)
System memory in use before: 118.2 MB.
System memory in use after: 117.7 MB.

Unloading 32 unused Assets to reduce memory usage. Loaded Objects now: 2851.
Total: 2.432000 ms (FindLiveObjects: 0.223300 ms CreateObjectMapping: 0.067000 ms MarkObjects: 1.788100 ms  DeleteObjects: 0.352500 ms)

========================================================================
Received Prepare
Registering precompiled user dll's ...
Registered in 0.004118 seconds.
Begin MonoManager ReloadAssembly
Native extension for WindowsStandalone target not found
Refreshing native plugins compatible for Editor in 0.57 ms, found 3 plugins.
Preloading 0 native plugins for Editor in 0.00 ms.
Mono: successfully reloaded assembly
- Completed reload, in  1.054 seconds
Platform modules already initialized, skipping
Refreshing native plugins compatible for Editor in 0.58 ms, found 3 plugins.
Preloading 0 native plugins for Editor in 0.00 ms.
Unloading 2193 Unused Serialized files (Serialized files now loaded: 0)
System memory in use before: 118.2 MB.
System memory in use after: 117.7 MB.

Unloading 32 unused Assets to reduce memory usage. Loaded Objects now: 2855.
Total: 3.053700 ms (FindLiveObjects: 0.261400 ms CreateObjectMapping: 0.064000 ms MarkObjects: 2.270900 ms  DeleteObjects: 0.455500 ms)

========================================================================
Received Prepare
Registering precompiled user dll's ...
Registered in 0.003682 seconds.
Begin MonoManager ReloadAssembly
Native extension for WindowsStandalone target not found
Refreshing native plugins compatible for Editor in 0.43 ms, found 3 plugins.
Preloading 0 native plugins for Editor in 0.00 ms.
Mono: successfully reloaded assembly
- Completed reload, in  0.989 seconds
Platform modules already initialized, skipping
Refreshing native plugins compatible for Editor in 0.50 ms, found 3 plugins.
Preloading 0 native plugins for Editor in 0.00 ms.
Unloading 2193 Unused Serialized files (Serialized files now loaded: 0)
System memory in use before: 118.2 MB.
System memory in use after: 117.7 MB.

Unloading 32 unused Assets to reduce memory usage. Loaded Objects now: 2859.
Total: 2.538600 ms (FindLiveObjects: 0.285000 ms CreateObjectMapping: 0.063600 ms MarkObjects: 1.814600 ms  DeleteObjects: 0.374600 ms)

========================================================================
Received Prepare
Registering precompiled user dll's ...
Registered in 0.003943 seconds.
Begin MonoManager ReloadAssembly
Native extension for WindowsStandalone target not found
Refreshing native plugins compatible for Editor in 0.52 ms, found 3 plugins.
Preloading 0 native plugins for Editor in 0.00 ms.
Mono: successfully reloaded assembly
- Completed reload, in  0.951 seconds
Platform modules already initialized, skipping
Refreshing native plugins compatible for Editor in 0.50 ms, found 3 plugins.
Preloading 0 native plugins for Editor in 0.00 ms.
Unloading 2193 Unused Serialized files (Serialized files now loaded: 0)
System memory in use before: 118.2 MB.
System memory in use after: 117.7 MB.

Unloading 32 unused Assets to reduce memory usage. Loaded Objects now: 2863.
Total: 2.512600 ms (FindLiveObjects: 0.253100 ms CreateObjectMapping: 0.067000 ms MarkObjects: 1.838500 ms  DeleteObjects: 0.353100 ms)

========================================================================
Received Prepare
Registering precompiled user dll's ...
Registered in 0.003733 seconds.
Begin MonoManager ReloadAssembly
Native extension for WindowsStandalone target not found
Refreshing native plugins compatible for Editor in 0.79 ms, found 3 plugins.
Preloading 0 native plugins for Editor in 0.00 ms.
Mono: successfully reloaded assembly
- Completed reload, in  1.047 seconds
Platform modules already initialized, skipping
Refreshing native plugins compatible for Editor in 0.84 ms, found 3 plugins.
Preloading 0 native plugins for Editor in 0.00 ms.
Unloading 2193 Unused Serialized files (Serialized files now loaded: 0)
System memory in use before: 118.2 MB.
System memory in use after: 117.8 MB.

Unloading 32 unused Assets to reduce memory usage. Loaded Objects now: 2867.
Total: 2.578200 ms (FindLiveObjects: 0.265400 ms CreateObjectMapping: 0.077000 ms MarkObjects: 1.841300 ms  DeleteObjects: 0.393000 ms)

========================================================================
Received Prepare
Registering precompiled user dll's ...
Registered in 0.003674 seconds.
Begin MonoManager ReloadAssembly
Native extension for WindowsStandalone target not found
Refreshing native plugins compatible for Editor in 0.56 ms, found 3 plugins.
Preloading 0 native plugins for Editor in 0.00 ms.
Mono: successfully reloaded assembly
- Completed reload, in  1.040 seconds
Platform modules already initialized, skipping
Refreshing native plugins compatible for Editor in 0.52 ms, found 3 plugins.
Preloading 0 native plugins for Editor in 0.00 ms.
Unloading 2193 Unused Serialized files (Serialized files now loaded: 0)
System memory in use before: 118.2 MB.
System memory in use after: 117.8 MB.

Unloading 32 unused Assets to reduce memory usage. Loaded Objects now: 2871.
Total: 2.559400 ms (FindLiveObjects: 0.258800 ms CreateObjectMapping: 0.064600 ms MarkObjects: 1.880100 ms  DeleteObjects: 0.354900 ms)

AssetImportWorkerClient::OnTransportError - code=2 error=End of file
