Using pre-set license
Built from '2020.3/staging' branch; Version is '2020.3.10f1 (297d780c91bc) revision 2719096'; Using compiler version '192528614'; Build Type 'Release'
OS: 'Windows 10 Pro; OS build 19042.985; Version 2009; 64bit' Language: 'fi' Physical Memory: 8144 MB
BatchMode: 1, IsHumanControllingUs: 0, StartBugReporterOnCrash: 0, Is64bit: 1, IsPro: 0

 COMMAND LINE ARGUMENTS:
C:\Program Files\Unity\Hub\Editor\2020.3.10f1\Editor\Unity.exe
-adb2
-batchMode
-noUpm
-name
AssetImportWorker1
-projectPath
C:/Users/Ville/Desktop/GameCamp2021/GameCampSummer2021/WeekOne/Snake
-logFile
Logs/AssetImportWorker1.log
-srvPort
50127
Successfully changed project path to: C:/Users/Ville/Desktop/GameCamp2021/GameCampSummer2021/WeekOne/Snake
C:/Users/Ville/Desktop/GameCamp2021/GameCampSummer2021/WeekOne/Snake
Using Asset Import Pipeline V2.
Refreshing native plugins compatible for Editor in 66.44 ms, found 3 plugins.
Preloading 0 native plugins for Editor in 0.00 ms.
Initialize engine version: 2020.3.10f1 (297d780c91bc)
[Subsystems] Discovering subsystems at path C:/Program Files/Unity/Hub/Editor/2020.3.10f1/Editor/Data/Resources/UnitySubsystems
[Subsystems] Discovering subsystems at path C:/Users/Ville/Desktop/GameCamp2021/GameCampSummer2021/WeekOne/Snake/Assets
GfxDevice: creating device client; threaded=0
Direct3D:
    Version:  Direct3D 11.0 [level 11.1]
    Renderer: NVIDIA GeForce GTX 950 (ID=0x1402)
    Vendor:   
    VRAM:     2007 MB
    Driver:   27.21.14.5671
Initialize mono
Mono path[0] = 'C:/Program Files/Unity/Hub/Editor/2020.3.10f1/Editor/Data/Managed'
Mono path[1] = 'C:/Program Files/Unity/Hub/Editor/2020.3.10f1/Editor/Data/MonoBleedingEdge/lib/mono/unityjit'
Mono config path = 'C:/Program Files/Unity/Hub/Editor/2020.3.10f1/Editor/Data/MonoBleedingEdge/etc'
Using monoOptions --debugger-agent=transport=dt_socket,embedding=1,server=y,suspend=n,address=127.0.0.1:56588
Begin MonoManager ReloadAssembly
Registering precompiled unity dll's ...
Register platform support module: C:/Program Files/Unity/Hub/Editor/2020.3.10f1/Editor/Data/PlaybackEngines/WindowsStandaloneSupport/UnityEditor.WindowsStandalone.Extensions.dll
Registered in 0.002992 seconds.
Native extension for WindowsStandalone target not found
Refreshing native plugins compatible for Editor in 64.30 ms, found 3 plugins.
Preloading 0 native plugins for Editor in 0.00 ms.
Mono: successfully reloaded assembly
- Completed reload, in  2.153 seconds
Platform modules already initialized, skipping
Registering precompiled user dll's ...
Registered in 0.005986 seconds.
Begin MonoManager ReloadAssembly
Native extension for WindowsStandalone target not found
Refreshing native plugins compatible for Editor in 55.92 ms, found 3 plugins.
Preloading 0 native plugins for Editor in 0.00 ms.
Mono: successfully reloaded assembly
- Completed reload, in  1.940 seconds
Platform modules already initialized, skipping
========================================================================
Worker process is ready to serve import requests
Launched and connected shader compiler UnityShaderCompiler.exe after 0.30 seconds
Refreshing native plugins compatible for Editor in 0.46 ms, found 3 plugins.
Preloading 0 native plugins for Editor in 0.00 ms.
Unloading 2083 Unused Serialized files (Serialized files now loaded: 0)
System memory in use before: 94.5 MB.
System memory in use after: 94.5 MB.

Unloading 32 unused Assets to reduce memory usage. Loaded Objects now: 2528.
Total: 3.192500 ms (FindLiveObjects: 0.205200 ms CreateObjectMapping: 0.107400 ms MarkObjects: 2.697400 ms  DeleteObjects: 0.180500 ms)

========================================================================
Received Import Request.
  path: Assets/Scripts/Snake.cs
  artifactKey: Guid(cfcb4e2a52570e248b3e853aca1a9bc8) Importer(815301076,1909f56bfc062723c751e8b465ee728b)
Start importing Assets/Scripts/Snake.cs using Guid(cfcb4e2a52570e248b3e853aca1a9bc8) Importer(815301076,1909f56bfc062723c751e8b465ee728b)  -> (artifact id: '107fb79b431429de60288da076c45b81') in 0.195258 seconds
  Import took 0.201142 seconds .

========================================================================
Received Import Request.
  Time since last request: 0.001750 seconds.
  path: Assets/Scripts/Snake.cs
  artifactKey: Guid(cfcb4e2a52570e248b3e853aca1a9bc8) Importer(815301076,1909f56bfc062723c751e8b465ee728b)
Start importing Assets/Scripts/Snake.cs using Guid(cfcb4e2a52570e248b3e853aca1a9bc8) Importer(815301076,1909f56bfc062723c751e8b465ee728b)  -> (artifact id: '107fb79b431429de60288da076c45b81') in 0.004060 seconds
  Import took 0.007844 seconds .

========================================================================
Received Prepare
Refreshing native plugins compatible for Editor in 5.28 ms, found 3 plugins.
Preloading 0 native plugins for Editor in 0.00 ms.
Unloading 19 Unused Serialized files (Serialized files now loaded: 0)
System memory in use before: 53.7 MB.
System memory in use after: 53.6 MB.

Unloading 19 unused Assets to reduce memory usage. Loaded Objects now: 2528.
Total: 3.959700 ms (FindLiveObjects: 0.277100 ms CreateObjectMapping: 0.126400 ms MarkObjects: 3.366400 ms  DeleteObjects: 0.187800 ms)

========================================================================
Received Import Request.
  Time since last request: 821.419237 seconds.
  path: Assets/Textures/apple.png
  artifactKey: Guid(d5caae0d1a6d8b44db0843e49a3f0ea4) Importer(815301076,1909f56bfc062723c751e8b465ee728b)
Start importing Assets/Textures/apple.png using Guid(d5caae0d1a6d8b44db0843e49a3f0ea4) Importer(815301076,1909f56bfc062723c751e8b465ee728b)  -> (artifact id: 'c1d268ba1b21cb6b30de63e8d6854244') in 0.332037 seconds
  Import took 0.337775 seconds .

========================================================================
Received Import Request.
  Time since last request: 0.000411 seconds.
  path: Assets/Textures/snake_head.png
  artifactKey: Guid(a85db8dcddc24f246a2ac3b0e29967e0) Importer(815301076,1909f56bfc062723c751e8b465ee728b)
Start importing Assets/Textures/snake_head.png using Guid(a85db8dcddc24f246a2ac3b0e29967e0) Importer(815301076,1909f56bfc062723c751e8b465ee728b)  -> (artifact id: '54ebfb49b06be52a277c58deee2ace89') in 0.024851 seconds
  Import took 0.030381 seconds .

========================================================================
Received Import Request.
  Time since last request: 0.000296 seconds.
  path: Assets/Textures/snake_turn.png
  artifactKey: Guid(845492407fce00b47811dfcba43e4076) Importer(815301076,1909f56bfc062723c751e8b465ee728b)
Start importing Assets/Textures/snake_turn.png using Guid(845492407fce00b47811dfcba43e4076) Importer(815301076,1909f56bfc062723c751e8b465ee728b)  -> (artifact id: 'e0c1c9b9c5da5a20911bd11455da4aa8') in 0.019939 seconds
  Import took 0.024060 seconds .

========================================================================
Received Import Request.
  Time since last request: 0.000346 seconds.
  path: Assets/Textures/snake_torso.png
  artifactKey: Guid(f502c1f72ad15724c8ebebdf2f47de18) Importer(815301076,1909f56bfc062723c751e8b465ee728b)
Start importing Assets/Textures/snake_torso.png using Guid(f502c1f72ad15724c8ebebdf2f47de18) Importer(815301076,1909f56bfc062723c751e8b465ee728b)  -> (artifact id: '17df3b29a4428c8055acc4865bce653e') in 0.016664 seconds
  Import took 0.021153 seconds .

========================================================================
Received Import Request.
  Time since last request: 0.000355 seconds.
  path: Assets/Textures/play.png
  artifactKey: Guid(0dd5a59ead50a2044883b130d24ed526) Importer(815301076,1909f56bfc062723c751e8b465ee728b)
Start importing Assets/Textures/play.png using Guid(0dd5a59ead50a2044883b130d24ed526) Importer(815301076,1909f56bfc062723c751e8b465ee728b)  -> (artifact id: '2f07627df50a71c87f7cfd9c6e2e0306') in 0.034422 seconds
  Import took 0.038627 seconds .

========================================================================
Received Import Request.
  Time since last request: 0.000214 seconds.
  path: Assets/Textures/snake_tail.png
  artifactKey: Guid(18508404f0f14dd4a9c6fc11a890b060) Importer(815301076,1909f56bfc062723c751e8b465ee728b)
Start importing Assets/Textures/snake_tail.png using Guid(18508404f0f14dd4a9c6fc11a890b060) Importer(815301076,1909f56bfc062723c751e8b465ee728b)  -> (artifact id: '9d8576b4319bb69de365ec35ca899719') in 0.014397 seconds
  Import took 0.019624 seconds .

========================================================================
Received Import Request.
  Time since last request: 0.000236 seconds.
  path: Assets/Textures/snake_tausta.png
  artifactKey: Guid(3b27e1e845ad0de418a9723ecd587f68) Importer(815301076,1909f56bfc062723c751e8b465ee728b)
Start importing Assets/Textures/snake_tausta.png using Guid(3b27e1e845ad0de418a9723ecd587f68) Importer(815301076,1909f56bfc062723c751e8b465ee728b)  -> (artifact id: 'f6011d8fdd2c874debe9910bbce8080a') in 0.027215 seconds
  Import took 0.032055 seconds .

========================================================================
Received Import Request.
  Time since last request: 0.001730 seconds.
  path: Assets/Textures/snake_tausta.png
  artifactKey: Guid(3b27e1e845ad0de418a9723ecd587f68) Importer(815301076,1909f56bfc062723c751e8b465ee728b)
Start importing Assets/Textures/snake_tausta.png using Guid(3b27e1e845ad0de418a9723ecd587f68) Importer(815301076,1909f56bfc062723c751e8b465ee728b)  -> (artifact id: 'f6011d8fdd2c874debe9910bbce8080a') in 0.011234 seconds
  Import took 0.015092 seconds .

========================================================================
Received Import Request.
  Time since last request: 97.236264 seconds.
  path: Assets/Textures/snake_tausta.png
  artifactKey: Guid(3b27e1e845ad0de418a9723ecd587f68) Importer(815301076,1909f56bfc062723c751e8b465ee728b)
Start importing Assets/Textures/snake_tausta.png using Guid(3b27e1e845ad0de418a9723ecd587f68) Importer(815301076,1909f56bfc062723c751e8b465ee728b)  -> (artifact id: '28dfac9bace03247ea20835075984e3d') in 0.018311 seconds
  Import took 0.022593 seconds .

========================================================================
Received Import Request.
  Time since last request: 0.000992 seconds.
  path: Assets/Textures/snake_tausta.png
  artifactKey: Guid(3b27e1e845ad0de418a9723ecd587f68) Importer(815301076,1909f56bfc062723c751e8b465ee728b)
Start importing Assets/Textures/snake_tausta.png using Guid(3b27e1e845ad0de418a9723ecd587f68) Importer(815301076,1909f56bfc062723c751e8b465ee728b)  -> (artifact id: '28dfac9bace03247ea20835075984e3d') in 0.018531 seconds
  Import took 0.022511 seconds .

========================================================================
Received Import Request.
  Time since last request: 20.200828 seconds.
  path: Assets/Textures/snake_tausta.png
  artifactKey: Guid(3b27e1e845ad0de418a9723ecd587f68) Importer(815301076,1909f56bfc062723c751e8b465ee728b)
Start importing Assets/Textures/snake_tausta.png using Guid(3b27e1e845ad0de418a9723ecd587f68) Importer(815301076,1909f56bfc062723c751e8b465ee728b)  -> (artifact id: 'dd12791506ea1eb96fdb21a75777727b') in 0.056363 seconds
  Import took 0.060167 seconds .

========================================================================
Received Import Request.
  Time since last request: 13.792084 seconds.
  path: Assets/Textures/snake_tausta.png
  artifactKey: Guid(3b27e1e845ad0de418a9723ecd587f68) Importer(815301076,1909f56bfc062723c751e8b465ee728b)
Start importing Assets/Textures/snake_tausta.png using Guid(3b27e1e845ad0de418a9723ecd587f68) Importer(815301076,1909f56bfc062723c751e8b465ee728b)  -> (artifact id: 'b3d57713e4e6d2923702e87d1200ffd1') in 0.022991 seconds
  Import took 0.027829 seconds .

========================================================================
Received Prepare
Registering precompiled user dll's ...
Registered in 0.005212 seconds.
Begin MonoManager ReloadAssembly
Native extension for WindowsStandalone target not found
Refreshing native plugins compatible for Editor in 0.47 ms, found 3 plugins.
Preloading 0 native plugins for Editor in 0.00 ms.
Mono: successfully reloaded assembly
- Completed reload, in  1.401 seconds
Platform modules already initialized, skipping
Refreshing native plugins compatible for Editor in 0.52 ms, found 3 plugins.
Preloading 0 native plugins for Editor in 0.00 ms.
Unloading 2078 Unused Serialized files (Serialized files now loaded: 0)
System memory in use before: 97.5 MB.
System memory in use after: 97.5 MB.

Unloading 21 unused Assets to reduce memory usage. Loaded Objects now: 2542.
Total: 2.965900 ms (FindLiveObjects: 0.192100 ms CreateObjectMapping: 0.127400 ms MarkObjects: 2.497500 ms  DeleteObjects: 0.147000 ms)

========================================================================
Received Prepare
Registering precompiled user dll's ...
Registered in 0.006865 seconds.
Begin MonoManager ReloadAssembly
Native extension for WindowsStandalone target not found
Refreshing native plugins compatible for Editor in 0.53 ms, found 3 plugins.
Preloading 0 native plugins for Editor in 0.00 ms.
Mono: successfully reloaded assembly
- Completed reload, in  1.526 seconds
Platform modules already initialized, skipping
Refreshing native plugins compatible for Editor in 0.47 ms, found 3 plugins.
Preloading 0 native plugins for Editor in 0.00 ms.
Unloading 2078 Unused Serialized files (Serialized files now loaded: 0)
System memory in use before: 97.6 MB.
System memory in use after: 97.6 MB.

Unloading 21 unused Assets to reduce memory usage. Loaded Objects now: 2546.
Total: 2.374200 ms (FindLiveObjects: 0.179100 ms CreateObjectMapping: 0.072000 ms MarkObjects: 1.968900 ms  DeleteObjects: 0.153300 ms)

========================================================================
Received Import Request.
  Time since last request: 267.169791 seconds.
  path: ProjectSettings/TagManager.asset
  artifactKey: Guid(00000000000000003000000000000000) Importer(815301076,1909f56bfc062723c751e8b465ee728b)
Start importing ProjectSettings/TagManager.asset using Guid(00000000000000003000000000000000) Importer(815301076,1909f56bfc062723c751e8b465ee728b)  -> (artifact id: '586a8cb840e66bd342d0b9b04342f74f') in 0.021954 seconds
  Import took 0.025768 seconds .

========================================================================
Received Import Request.
  Time since last request: 0.015908 seconds.
  path: ProjectSettings/TagManager.asset
  artifactKey: Guid(00000000000000003000000000000000) Importer(815301076,1909f56bfc062723c751e8b465ee728b)
Start importing ProjectSettings/TagManager.asset using Guid(00000000000000003000000000000000) Importer(815301076,1909f56bfc062723c751e8b465ee728b)  -> (artifact id: '586a8cb840e66bd342d0b9b04342f74f') in 0.005855 seconds
  Import took 0.011593 seconds .

========================================================================
Received Prepare
Registering precompiled user dll's ...
Registered in 0.005225 seconds.
Begin MonoManager ReloadAssembly
Native extension for WindowsStandalone target not found
Refreshing native plugins compatible for Editor in 0.56 ms, found 3 plugins.
Preloading 0 native plugins for Editor in 0.00 ms.
Mono: successfully reloaded assembly
- Completed reload, in  1.287 seconds
Platform modules already initialized, skipping
Refreshing native plugins compatible for Editor in 0.47 ms, found 3 plugins.
Preloading 0 native plugins for Editor in 0.00 ms.
Unloading 2078 Unused Serialized files (Serialized files now loaded: 0)
System memory in use before: 97.6 MB.
System memory in use after: 97.6 MB.

Unloading 23 unused Assets to reduce memory usage. Loaded Objects now: 2550.
Total: 2.508400 ms (FindLiveObjects: 0.192800 ms CreateObjectMapping: 0.080800 ms MarkObjects: 2.090500 ms  DeleteObjects: 0.143100 ms)

========================================================================
Received Prepare
Registering precompiled user dll's ...
Registered in 0.005906 seconds.
Begin MonoManager ReloadAssembly
Native extension for WindowsStandalone target not found
Refreshing native plugins compatible for Editor in 0.55 ms, found 3 plugins.
Preloading 0 native plugins for Editor in 0.00 ms.
Mono: successfully reloaded assembly
- Completed reload, in  1.271 seconds
Platform modules already initialized, skipping
Refreshing native plugins compatible for Editor in 0.48 ms, found 3 plugins.
Preloading 0 native plugins for Editor in 0.00 ms.
Unloading 2078 Unused Serialized files (Serialized files now loaded: 0)
System memory in use before: 97.6 MB.
System memory in use after: 97.6 MB.

Unloading 21 unused Assets to reduce memory usage. Loaded Objects now: 2554.
Total: 2.743000 ms (FindLiveObjects: 0.191300 ms CreateObjectMapping: 0.082300 ms MarkObjects: 2.270000 ms  DeleteObjects: 0.198400 ms)

========================================================================
Received Prepare
Registering precompiled user dll's ...
Registered in 0.005209 seconds.
Begin MonoManager ReloadAssembly
Native extension for WindowsStandalone target not found
Refreshing native plugins compatible for Editor in 0.47 ms, found 3 plugins.
Preloading 0 native plugins for Editor in 0.00 ms.
Mono: successfully reloaded assembly
- Completed reload, in  1.374 seconds
Platform modules already initialized, skipping
Refreshing native plugins compatible for Editor in 0.49 ms, found 3 plugins.
Preloading 0 native plugins for Editor in 0.00 ms.
Unloading 2078 Unused Serialized files (Serialized files now loaded: 0)
System memory in use before: 97.6 MB.
System memory in use after: 97.6 MB.

Unloading 21 unused Assets to reduce memory usage. Loaded Objects now: 2558.
Total: 2.382600 ms (FindLiveObjects: 0.200000 ms CreateObjectMapping: 0.085700 ms MarkObjects: 1.954400 ms  DeleteObjects: 0.141200 ms)

========================================================================
Received Prepare
Registering precompiled user dll's ...
Registered in 0.004956 seconds.
Begin MonoManager ReloadAssembly
Native extension for WindowsStandalone target not found
Refreshing native plugins compatible for Editor in 0.62 ms, found 3 plugins.
Preloading 0 native plugins for Editor in 0.00 ms.
Mono: successfully reloaded assembly
- Completed reload, in  1.249 seconds
Platform modules already initialized, skipping
Refreshing native plugins compatible for Editor in 0.47 ms, found 3 plugins.
Preloading 0 native plugins for Editor in 0.00 ms.
Unloading 2078 Unused Serialized files (Serialized files now loaded: 0)
System memory in use before: 97.7 MB.
System memory in use after: 97.6 MB.

Unloading 21 unused Assets to reduce memory usage. Loaded Objects now: 2562.
Total: 2.641200 ms (FindLiveObjects: 0.169700 ms CreateObjectMapping: 0.066200 ms MarkObjects: 2.239100 ms  DeleteObjects: 0.165200 ms)

========================================================================
Received Prepare
Registering precompiled user dll's ...
Registered in 0.006436 seconds.
Begin MonoManager ReloadAssembly
Native extension for WindowsStandalone target not found
Refreshing native plugins compatible for Editor in 0.71 ms, found 3 plugins.
Preloading 0 native plugins for Editor in 0.00 ms.
Mono: successfully reloaded assembly
- Completed reload, in  1.251 seconds
Platform modules already initialized, skipping
Refreshing native plugins compatible for Editor in 0.56 ms, found 3 plugins.
Preloading 0 native plugins for Editor in 0.00 ms.
Unloading 2078 Unused Serialized files (Serialized files now loaded: 0)
System memory in use before: 97.7 MB.
System memory in use after: 97.6 MB.

Unloading 21 unused Assets to reduce memory usage. Loaded Objects now: 2566.
Total: 2.976700 ms (FindLiveObjects: 0.189100 ms CreateObjectMapping: 0.075900 ms MarkObjects: 2.540400 ms  DeleteObjects: 0.170100 ms)

AssetImportWorkerClient::OnTransportError - code=2 error=End of file
